ParkingSystem/unityLibrary/build/intermediates/manifest_merge_blame_file/debug/manifest-merger-blame-debug-report.txt
1<?xml version="1.0" encoding="utf-8"?>
2<!-- GENERATED BY UNITY. REMOVE THIS COMMENT TO PREVENT OVERWRITING WHEN EXPORTING AGAIN -->
3<manifest xmlns:android="http://schemas.android.com/apk/res/android"
4    xmlns:tools="http://schemas.android.com/tools"
5    package="com.unity3d.player" >
6
7    <uses-sdk
8        android:minSdkVersion="22"
8-->src\main\AndroidManifest.xml
9        android:targetSdkVersion="30" />
9-->src\main\AndroidManifest.xml
10
11    <uses-feature android:glEsVersion="0x00020000" />
11-->src\main\AndroidManifest.xml:20:3-52
11-->src\main\AndroidManifest.xml:20:17-49
12
13    <uses-permission android:name="android.permission.INTERNET" />
13-->src\main\AndroidManifest.xml:21:3-65
13-->src\main\AndroidManifest.xml:21:20-62
14
15    <uses-feature
15-->src\main\AndroidManifest.xml:22:3-88
16        android:name="android.hardware.touchscreen"
16-->src\main\AndroidManifest.xml:22:17-60
17        android:required="false" />
17-->src\main\AndroidManifest.xml:22:61-85
18    <uses-feature
18-->src\main\AndroidManifest.xml:23:3-99
19        android:name="android.hardware.touchscreen.multitouch"
19-->src\main\AndroidManifest.xml:23:17-71
20        android:required="false" />
20-->src\main\AndroidManifest.xml:23:72-96
21    <uses-feature
21-->src\main\AndroidManifest.xml:24:3-108
22        android:name="android.hardware.touchscreen.multitouch.distinct"
22-->src\main\AndroidManifest.xml:24:17-80
23        android:required="false" />
23-->src\main\AndroidManifest.xml:24:81-105
24
25    <application>
25-->src\main\AndroidManifest.xml:4:3-19:17
26        <activity
26-->src\main\AndroidManifest.xml:5:5-13:16
27            android:name="com.unity3d.player.UnityPlayerActivity"
27-->src\main\AndroidManifest.xml:5:15-68
28            android:configChanges="mcc|mnc|locale|touchscreen|keyboard|keyboardHidden|navigation|orientation|screenLayout|uiMode|screenSize|smallestScreenSize|fontScale|layoutDirection|density"
28-->src\main\AndroidManifest.xml:5:180-361
29            android:exported="true"
29-->src\main\AndroidManifest.xml:6:9-32
30            android:hardwareAccelerated="false"
30-->src\main\AndroidManifest.xml:5:397-432
31            android:launchMode="singleTask"
31-->src\main\AndroidManifest.xml:5:148-179
32            android:resizeableActivity="false"
32-->src\main\AndroidManifest.xml:5:362-396
33            android:screenOrientation="portrait"
33-->src\main\AndroidManifest.xml:5:111-147
34            android:theme="@style/UnityThemeSelector" >
34-->src\main\AndroidManifest.xml:5:69-110
35            <intent-filter>
35-->src\main\AndroidManifest.xml:7:7-10:23
36                <action android:name="android.intent.action.MAIN" />
36-->src\main\AndroidManifest.xml:8:9-61
36-->src\main\AndroidManifest.xml:8:17-58
37
38                <category android:name="android.intent.category.LAUNCHER" />
38-->src\main\AndroidManifest.xml:9:9-69
38-->src\main\AndroidManifest.xml:9:19-66
39            </intent-filter>
40
41            <meta-data
41-->src\main\AndroidManifest.xml:11:7-82
42                android:name="unityplayer.UnityActivity"
42-->src\main\AndroidManifest.xml:11:18-58
43                android:value="true" />
43-->src\main\AndroidManifest.xml:11:59-79
44            <meta-data
44-->src\main\AndroidManifest.xml:12:7-78
45                android:name="android.notch_support"
45-->src\main\AndroidManifest.xml:12:18-54
46                android:value="true" />
46-->src\main\AndroidManifest.xml:12:55-75
47        </activity>
48
49        <meta-data
49-->src\main\AndroidManifest.xml:14:5-69
50            android:name="unity.splash-mode"
50-->src\main\AndroidManifest.xml:14:16-48
51            android:value="0" />
51-->src\main\AndroidManifest.xml:14:49-66
52        <meta-data
52-->src\main\AndroidManifest.xml:15:5-74
53            android:name="unity.splash-enable"
53-->src\main\AndroidManifest.xml:15:16-50
54            android:value="True" />
54-->src\main\AndroidManifest.xml:15:51-71
55        <meta-data
55-->src\main\AndroidManifest.xml:16:5-84
56            android:name="unity.allow-resizable-window"
56-->src\main\AndroidManifest.xml:16:16-59
57            android:value="False" />
57-->src\main\AndroidManifest.xml:16:60-81
58        <meta-data
58-->src\main\AndroidManifest.xml:17:5-81
59            android:name="notch.config"
59-->src\main\AndroidManifest.xml:17:16-43
60            android:value="portrait|landscape" />
60-->src\main\AndroidManifest.xml:17:44-78
61        <meta-data
61-->src\main\AndroidManifest.xml:18:5-101
62            android:name="unity.build-id"
62-->src\main\AndroidManifest.xml:18:16-45
63            android:value="5a025974-ddd3-49c2-834f-3e81fc45560a" />
63-->src\main\AndroidManifest.xml:18:46-98
64    </application>
65
66</manifest>